<?xml version="1.0" encoding="UTF-8"?>
<!-- Generated by org.testng.reporters.JUnitReportReporter -->
<testsuite hostname="DESKTOP-VQABPUO" failures="0" tests="2" name="dataDrivenPractise.LoginDataExcel" time="16.675" errors="0" timestamp="2020-02-29T16:22:43 IST" skipped="0">
  <testcase classname="dataDrivenPractise.LoginDataExcel" name="login" time="8.937"/>
  <testcase classname="dataDrivenPractise.LoginDataExcel" name="login" time="7.738"/>
</testsuite> <!-- dataDrivenPractise.LoginDataExcel -->
