<?xml version="1.0" encoding="UTF-8"?>
<!-- Generated by org.testng.reporters.JUnitReportReporter -->
<testsuite hostname="DESKTOP-VQABPUO" failures="0" tests="4" name="dataDrivenPractise.getDataExcel" time="35.177" errors="0" timestamp="2020-02-29T16:56:59 IST" skipped="0">
  <testcase classname="dataDrivenPractise.getDataExcel" name="login" time="8.780"/>
  <testcase classname="dataDrivenPractise.getDataExcel" name="login" time="8.381"/>
  <testcase classname="dataDrivenPractise.getDataExcel" name="login" time="8.916"/>
  <testcase classname="dataDrivenPractise.getDataExcel" name="login" time="9.100"/>
</testsuite> <!-- dataDrivenPractise.getDataExcel -->
