<?xml version="1.0" encoding="UTF-8"?>
<!-- Generated by org.testng.reporters.JUnitReportReporter -->
<testsuite hostname="DESKTOP-VQABPUO" failures="0" tests="1" name="dataDrivenPractise.MultipleWindows" time="15.068" errors="0" timestamp="2020-02-29T21:42:31 IST" skipped="0">
  <testcase classname="dataDrivenPractise.MultipleWindows" name="MultiWindow" time="15.068"/>
</testsuite> <!-- dataDrivenPractise.MultipleWindows -->
