<?xml version="1.0" encoding="UTF-8"?>
<!-- Generated by org.testng.reporters.JUnitReportReporter -->
<testsuite hostname="DESKTOP-VQABPUO" failures="0" tests="3" name="dataDrivenPractise.LoginApplication" time="26.871" errors="0" timestamp="2020-02-27T22:36:01 IST" skipped="0">
  <testcase classname="dataDrivenPractise.LoginApplication" name="login" time="8.350"/>
  <testcase classname="dataDrivenPractise.LoginApplication" name="login" time="8.266"/>
  <testcase classname="dataDrivenPractise.LoginApplication" name="login" time="10.255"/>
</testsuite> <!-- dataDrivenPractise.LoginApplication -->
