<?xml version="1.0" encoding="UTF-8"?>
<!-- Generated by org.testng.reporters.JUnitReportReporter -->
<testsuite hostname="DESKTOP-VQABPUO" failures="0" tests="1" name="dataDrivenPractise.WebTableData" time="16.827" errors="0" timestamp="2020-02-29T15:21:01 IST" skipped="0">
  <testcase classname="dataDrivenPractise.WebTableData" name="tabledata" time="16.827"/>
</testsuite> <!-- dataDrivenPractise.WebTableData -->
