<?xml version="1.0" encoding="UTF-8"?>
<!-- Generated by org.testng.reporters.JUnitReportReporter -->
<testsuite hostname="DESKTOP-VQABPUO" failures="0" tests="1" name="dataDrivenPractise.Dropdownsample" time="14.703" errors="0" timestamp="2020-02-29T18:48:22 IST" skipped="0">
  <testcase classname="dataDrivenPractise.Dropdownsample" name="dropDownsample" time="14.703"/>
</testsuite> <!-- dataDrivenPractise.Dropdownsample -->
