<?xml version="1.0" encoding="UTF-8"?>
<!-- Generated by org.testng.reporters.JUnitReportReporter -->
<testsuite hostname="DESKTOP-VQABPUO" failures="0" tests="1" name="dataDrivenPractise.getWebTableData" time="8.463" errors="0" timestamp="2020-02-29T15:52:56 IST" skipped="0">
  <testcase classname="dataDrivenPractise.getWebTableData" name="tabledata" time="8.463"/>
</testsuite> <!-- dataDrivenPractise.getWebTableData -->
